[2025-03-24T18:28:01.947Z] Analyzing task: Create a new React component
[2025-03-24T18:28:01.953Z] Reasoning generated for task: Create a new React component
[2025-03-24T18:28:02.073Z] Analyzing task: Create a new React component
[2025-03-24T18:28:02.074Z] Reasoning generated for task: Create a new React component
[2025-03-24T18:28:02.075Z] Analyzing task: Optimize website SEO
[2025-03-24T18:28:02.075Z] Reasoning generated for task: Optimize website SEO
[2025-03-24T18:28:02.075Z] Analyzing task: Integrate payment API
[2025-03-24T18:28:02.075Z] Reasoning generated for task: Integrate payment API
[2025-03-24T18:28:02.075Z] Analyzing task: Improve website performance
[2025-03-24T18:28:02.075Z] Reasoning generated for task: Improve website performance
[2025-03-24T18:28:02.076Z] Analyzing task: Write comprehensive tests
[2025-03-24T18:28:02.076Z] Reasoning generated for task: Write comprehensive tests
[2025-03-24T18:28:12.726Z] Analyzing task: Create a new React component
[2025-03-24T18:28:12.731Z] Reasoning generated for task: Create a new React component
[2025-03-24T18:28:12.846Z] Analyzing task: Create a new React component
[2025-03-24T18:28:12.847Z] Reasoning generated for task: Create a new React component
[2025-03-24T18:28:12.847Z] Analyzing task: Optimize website SEO
[2025-03-24T18:28:12.847Z] Reasoning generated for task: Optimize website SEO
[2025-03-24T18:28:12.848Z] Analyzing task: Integrate payment API
[2025-03-24T18:28:12.848Z] Reasoning generated for task: Integrate payment API
[2025-03-24T18:28:12.848Z] Analyzing task: Improve website performance
[2025-03-24T18:28:12.848Z] Reasoning generated for task: Improve website performance
[2025-03-24T18:28:12.848Z] Analyzing task: Write comprehensive tests
[2025-03-24T18:28:12.848Z] Reasoning generated for task: Write comprehensive tests
[2025-03-24T18:29:31.128Z] Analyzing task: Create a new React component
[2025-03-24T18:29:31.134Z] Reasoning generated for task: Create a new React component
[2025-03-24T18:29:31.257Z] Analyzing task: Create a new React component
[2025-03-24T18:29:31.258Z] Reasoning generated for task: Create a new React component
[2025-03-24T18:29:31.259Z] Analyzing task: Optimize website SEO
[2025-03-24T18:29:31.259Z] Reasoning generated for task: Optimize website SEO
[2025-03-24T18:29:31.259Z] Analyzing task: Integrate payment API
[2025-03-24T18:29:31.259Z] Reasoning generated for task: Integrate payment API
[2025-03-24T18:29:31.259Z] Analyzing task: Improve website performance
[2025-03-24T18:29:31.259Z] Reasoning generated for task: Improve website performance
[2025-03-24T18:29:31.259Z] Analyzing task: Write comprehensive tests
[2025-03-24T18:29:31.259Z] Reasoning generated for task: Write comprehensive tests
[2025-03-24T18:29:36.088Z] Analyzing task: Create a new React component for user profile
[2025-03-24T18:29:36.093Z] Reasoning generated for task: Create a new React component for user profile
[2025-03-24T18:29:36.214Z] Analyzing task: Improve website SEO and metadata
[2025-03-24T18:29:36.219Z] Reasoning generated for task: Improve website SEO and metadata
[2025-03-24T18:29:36.333Z] Analyzing task: Integrate Stripe payment gateway
[2025-03-24T18:29:36.338Z] Reasoning generated for task: Integrate Stripe payment gateway
[2025-03-24T18:32:21.093Z] Analyzing task: Resolve SEO issues from comprehensive SEO report with low scores in metadata, content, and overall rating
[2025-03-24T18:32:21.099Z] Reasoning generated for task: Resolve SEO issues from comprehensive SEO report with low scores in metadata, content, and overall rating
